<?xml version="1.0" encoding="UTF-8"?>
<!-- Generated by org.testng.reporters.JUnitReportReporter -->
<testsuite hostname="LAPTOP-NJB44I7J" failures="0" tests="3" name="testdiscussion.InclusionandExclusion" time="0.008" errors="0" timestamp="2022-05-26T18:07:47 IST" skipped="0">
  <testcase classname="testdiscussion.InclusionandExclusion" name="Browser" time="0.006"/>
  <system-out/>
  <testcase classname="testdiscussion.InclusionandExclusion" name="login" time="0.001"/>
  <system-out/>
  <testcase classname="testdiscussion.InclusionandExclusion" name="dashboard" time="0.001"/>
  <system-out/>
</testsuite> <!-- testdiscussion.InclusionandExclusion -->
