<?xml version="1.0" encoding="UTF-8"?>
<!-- Generated by org.testng.reporters.JUnitReportReporter -->
<testsuite hostname="LAPTOP-NJB44I7J" failures="0" tests="2" name="testdiscussion.TestPractice" time="32.941" errors="0" timestamp="2022-05-07T17:36:17 IST" skipped="0">
  <testcase classname="testdiscussion.TestPractice" name="browser" time="2.546"/>
  <system-out/>
  <testcase classname="testdiscussion.TestPractice" name="search" time="30.395"/>
  <system-out/>
</testsuite> <!-- testdiscussion.TestPractice -->
