<?xml version="1.0" encoding="UTF-8"?>
<!-- Generated by org.testng.reporters.JUnitReportReporter -->
<testsuite hostname="LAPTOP-NJB44I7J" failures="0" tests="7" name="testdiscussion.Basicfirstone" time="0.015" errors="0" timestamp="2022-05-07T17:07:06 IST" skipped="0">
  <testcase classname="testdiscussion.Basicfirstone" name="abhram" time="0.006"/>
  <system-out/>
  <testcase classname="testdiscussion.Basicfirstone" name="monkey" time="0.002"/>
  <system-out/>
  <testcase classname="testdiscussion.Basicfirstone" name="zebra" time="0.000"/>
  <system-out/>
  <testcase classname="testdiscussion.Basicfirstone" name="zebra" time="0.000"/>
  <system-out/>
  <testcase classname="testdiscussion.Basicfirstone" name="zebra" time="0.001"/>
  <system-out/>
  <testcase classname="testdiscussion.Basicfirstone" name="testcae2" time="0.002"/>
  <system-out/>
  <testcase classname="testdiscussion.Basicfirstone" name="testcase1" time="0.004"/>
  <system-out/>
</testsuite> <!-- testdiscussion.Basicfirstone -->
