<?xml version="1.0" encoding="UTF-8"?>
<!-- Generated by org.testng.reporters.JUnitReportReporter -->
<testsuite hostname="LAPTOP-NJB44I7J" failures="0" tests="2" name="groupingintest.GroupTest1" time="0.008" errors="0" timestamp="2022-05-11T19:17:08 IST" skipped="0">
  <testcase classname="groupingintest.GroupTest1" name="buildtest" time="0.007"/>
  <system-out/>
  <testcase classname="groupingintest.GroupTest1" name="login" time="0.001"/>
  <system-out/>
</testsuite> <!-- groupingintest.GroupTest1 -->
