<?xml version="1.0" encoding="UTF-8"?>
<!-- Generated by org.testng.reporters.JUnitReportReporter -->
<testsuite hostname="LAPTOP-NJB44I7J" failures="0" tests="2" name="groupingintest.GroupTest2" time="0.009" errors="0" timestamp="2022-05-11T19:17:08 IST" skipped="0">
  <testcase classname="groupingintest.GroupTest2" name="currenturl" time="0.003"/>
  <system-out/>
  <testcase classname="groupingintest.GroupTest2" name="info" time="0.006"/>
  <system-out/>
</testsuite> <!-- groupingintest.GroupTest2 -->
