<?xml version="1.0" encoding="UTF-8"?>
<!-- Generated by org.testng.reporters.JUnitReportReporter -->
<testsuite hostname="LAPTOP-NJB44I7J" failures="0" tests="1" name="testclass.AnnotationPOM" time="16.149" errors="0" timestamp="2022-05-30T10:43:28 IST" skipped="0">
  <testcase classname="testclass.AnnotationPOM" name="verifyingthebutton" time="16.149"/>
  <system-out/>
</testsuite> <!-- testclass.AnnotationPOM -->
