<?xml version="1.0" encoding="UTF-8"?>
<!-- Generated by org.testng.reporters.JUnitReportReporter -->
<testsuite hostname="LAPTOP-NJB44I7J" failures="0" tests="3" name="testdiscussion.DependsOn" time="0.009" errors="0" timestamp="2022-05-11T12:09:41 IST" skipped="0">
  <testcase classname="testdiscussion.DependsOn" name="Browser" time="0.006"/>
  <system-out/>
  <testcase classname="testdiscussion.DependsOn" name="login" time="0.001"/>
  <system-out/>
  <testcase classname="testdiscussion.DependsOn" name="dashboard" time="0.002"/>
  <system-out/>
</testsuite> <!-- testdiscussion.DependsOn -->
