<?xml version="1.0" encoding="UTF-8"?>
<!-- Generated by org.testng.reporters.JUnitReportReporter -->
<testsuite hostname="LAPTOP-NJB44I7J" failures="0" tests="3" name="testdiscussion.DependsOn1" time="0.002" errors="0" timestamp="2022-05-08T17:25:30 IST" skipped="1">
  <testcase classname="testdiscussion.DependsOn1" name="Userinfo" time="0.000">
    <skipped/>
  </testcase> <!-- Userinfo -->
  <system-out/>
  <testcase classname="testdiscussion.DependsOn1" name="property" time="0.001"/>
  <system-out/>
  <testcase classname="testdiscussion.DependsOn1" name="id" time="0.001"/>
  <system-out/>
</testsuite> <!-- testdiscussion.DependsOn1 -->
