<?xml version="1.0" encoding="UTF-8"?>
<!-- Generated by org.testng.reporters.JUnitReportReporter -->
<testsuite hostname="LAPTOP-NJB44I7J" failures="0" tests="1" name="testdiscussion.Testclass2" time="60.389" errors="0" timestamp="2022-05-11T12:00:19 IST" skipped="0">
  <testcase classname="testdiscussion.Testclass2" name="google" time="60.389"/>
  <system-out/>
</testsuite> <!-- testdiscussion.Testclass2 -->
