<?xml version="1.0" encoding="UTF-8"?>
<!-- Generated by org.testng.reporters.JUnitReportReporter -->
<testsuite hostname="LAPTOP-NJB44I7J" failures="0" tests="1" name="testdiscussion.AnnotationsInTest" time="0.004" errors="0" timestamp="2022-05-26T18:11:44 IST" skipped="0">
  <testcase classname="testdiscussion.AnnotationsInTest" name="test" time="0.004"/>
  <system-out/>
</testsuite> <!-- testdiscussion.AnnotationsInTest -->
